Determining if the function pthread_create exists in the pthreads failed with the following output:
Change Dir: /home/gmanfred/devel/essential/ros/objects/pom/build/CMakeFiles/CMakeTmp

Run Build Command:/usr/bin/make "cmTryCompileExec/fast"
make[1]: Entering directory `/home/gmanfred/devel/essential/ros/objects/pom/build/CMakeFiles/CMakeTmp'
/usr/bin/make -f CMakeFiles/cmTryCompileExec.dir/build.make CMakeFiles/cmTryCompileExec.dir/build
make[2]: Entering directory `/home/gmanfred/devel/essential/ros/objects/pom/build/CMakeFiles/CMakeTmp'
/usr/bin/cmake -E cmake_progress_report /home/gmanfred/devel/essential/ros/objects/pom/build/CMakeFiles/CMakeTmp/CMakeFiles 1
Building C object CMakeFiles/cmTryCompileExec.dir/CheckFunctionExists.c.o
/usr/bin/gcc   -DCHECK_FUNCTION_EXISTS=pthread_create   -o CMakeFiles/cmTryCompileExec.dir/CheckFunctionExists.c.o   -c /usr/share/cmake-2.8/Modules/CheckFunctionExists.c
Linking C executable cmTryCompileExec
/usr/bin/cmake -E cmake_link_script CMakeFiles/cmTryCompileExec.dir/link.txt --verbose=1
/usr/bin/gcc     -DCHECK_FUNCTION_EXISTS=pthread_create    CMakeFiles/cmTryCompileExec.dir/CheckFunctionExists.c.o  -o cmTryCompileExec -rdynamic -lpthreads 
/usr/bin/ld: error: cannot find -lpthreads
CMakeFiles/cmTryCompileExec.dir/CheckFunctionExists.c.o:CheckFunctionExists.c:function main: error: undefined reference to 'pthread_create'
collect2: ld returned 1 exit status
make[2]: Leaving directory `/home/gmanfred/devel/essential/ros/objects/pom/build/CMakeFiles/CMakeTmp'
make[2]: *** [cmTryCompileExec] Error 1
make[1]: *** [cmTryCompileExec/fast] Error 2
make[1]: Leaving directory `/home/gmanfred/devel/essential/ros/objects/pom/build/CMakeFiles/CMakeTmp'


Determining if the pthread_create exist failed with the following output:
Change Dir: /home/gmanfred/devel/essential/ros/objects/pom/build/CMakeFiles/CMakeTmp

Run Build Command:/usr/bin/make "cmTryCompileExec3077607008/fast"
make[1]: Entering directory `/home/gmanfred/devel/essential/ros/objects/pom/build/CMakeFiles/CMakeTmp'
/usr/bin/make -f CMakeFiles/cmTryCompileExec3077607008.dir/build.make CMakeFiles/cmTryCompileExec3077607008.dir/build
make[2]: Entering directory `/home/gmanfred/devel/essential/ros/objects/pom/build/CMakeFiles/CMakeTmp'
/usr/bin/cmake -E cmake_progress_report /home/gmanfred/devel/essential/ros/objects/pom/build/CMakeFiles/CMakeTmp/CMakeFiles 1
Building C object CMakeFiles/cmTryCompileExec3077607008.dir/CheckSymbolExists.c.o
/usr/bin/gcc    -o CMakeFiles/cmTryCompileExec3077607008.dir/CheckSymbolExists.c.o   -c /home/gmanfred/devel/essential/ros/objects/pom/build/CMakeFiles/CMakeTmp/CheckSymbolExists.c
Linking C executable cmTryCompileExec3077607008
/usr/bin/cmake -E cmake_link_script CMakeFiles/cmTryCompileExec3077607008.dir/link.txt --verbose=1
/usr/bin/gcc         CMakeFiles/cmTryCompileExec3077607008.dir/CheckSymbolExists.c.o  -o cmTryCompileExec3077607008 -rdynamic 
CMakeFiles/cmTryCompileExec3077607008.dir/CheckSymbolExists.c.o:CheckSymbolExists.c:function main: error: undefined reference to 'pthread_create'
collect2: ld returned 1 exit status
make[2]: Leaving directory `/home/gmanfred/devel/essential/ros/objects/pom/build/CMakeFiles/CMakeTmp'
make[2]: *** [cmTryCompileExec3077607008] Error 1
make[1]: Leaving directory `/home/gmanfred/devel/essential/ros/objects/pom/build/CMakeFiles/CMakeTmp'
make[1]: *** [cmTryCompileExec3077607008/fast] Error 2

File /home/gmanfred/devel/essential/ros/objects/pom/build/CMakeFiles/CMakeTmp/CheckSymbolExists.c:
/* */
#include <pthread.h>

int main(int argc, char** argv)
{
  (void)argv;
#ifndef pthread_create
  return ((int*)(&pthread_create))[argc];
#else
  (void)argc;
  return 0;
#endif
}

